<?xml version="1.0" encoding="UTF-8"?>
<!-- Generated by org.testng.reporters.JUnitXMLReporter -->
<testsuite ignored="0" hostname="LAPTOP-BBMPECM7" failures="1" tests="2" name="Test" time="30.784" errors="0" timestamp="2025-07-07T09:22:52 IST">
  <testcase classname="testCases.AdminModule" name="adminTest_TC21" time="6.141"/>
  <testcase classname="testCases.AdminModule" name="adminTest_Tc_22to23" time="0.003">
    <failure type="java.lang.AssertionError" message="null">
      <![CDATA[java.lang.AssertionError: null
at testCases.AdminModule.adminTest_Tc_22to23(AdminModule.java:44)
at java.base/java.util.ArrayList.forEach(ArrayList.java:1596)
... Removed 27 stack frames]]>
    </failure>
  </testcase> <!-- adminTest_Tc_22to23 -->
</testsuite> <!-- Test -->
